<?xml version="1.0" encoding="UTF-8"?>
<testsuite xmlns:xsi="http://www.w3.org/2001/XMLSchema-instance" xsi:noNamespaceSchemaLocation="https://maven.apache.org/surefire/maven-surefire-plugin/xsd/surefire-test-report-3.0.xsd" version="3.0" name="com.ecommerce.cart.CartApplicationTests" time="0.112" tests="1" errors="0" skipped="0" failures="0">
  <properties>
[...]
</properties>
  <testcase name="contextLoads" classname="com.ecommerce.cart.CartApplicationTests" time="0.001">
    <system-out><![CDATA[2026-06-09T00:51:07.575+05:30  INFO 66555 --- [           main] t.c.s.AnnotationConfigContextLoaderUtils : Could not detect default configuration classes for test class [com.ecommerce.cart.CartApplicationTests]: CartApplicationTests does not declare any static, non-private, non-final, nested classes annotated with @Configuration.
2026-06-09T00:51:07.577+05:30  INFO 66555 --- [           main] .b.t.c.SpringBootTestContextBootstrapper : Found @SpringBootConfiguration com.ecommerce.cart.CartApplication for test class com.ecommerce.cart.CartApplicationTests
  .   ____          _            __ _ _
 /\\ / ___'_ __ _ _(_)_ __  __ _ \ \ \ \
( ( )\___ | '_ | '_| | '_ \/ _` | \ \ \ \
 \\/  ___)| |_)| | | | | || (_| |  ) ) ) )
  '  |____| .__|_| |_|_| |_\__, | / / / /
 =========|_|==============|___/=/_/_/_/

 :: Spring Boot ::                (v3.3.0)

2026-06-09T00:51:07.587+05:30  INFO 66555 --- [           main] c.ecommerce.cart.CartApplicationTests    : Starting CartApplicationTests using Java 25.0.2 with PID 66555 (started by yashonidhithakur in /Users/yashonidhithakur/Documents/spe_project/microservices-ecommerce-platform/cart_service)
2026-06-09T00:51:07.587+05:30  INFO 66555 --- [           main] c.ecommerce.cart.CartApplicationTests    : No active profile set, falling back to 1 default profile: "default"
2026-06-09T00:51:07.626+05:30  INFO 66555 --- [           main] .s.d.r.c.RepositoryConfigurationDelegate : Multiple Spring Data modules found, entering strict repository configuration mode
2026-06-09T00:51:07.626+05:30  INFO 66555 --- [           main] .s.d.r.c.RepositoryConfigurationDelegate : Bootstrapping Spring Data Redis repositories in DEFAULT mode.
2026-06-09T00:51:07.627+05:30  INFO 66555 --- [           main] .s.d.r.c.RepositoryConfigurationDelegate : Finished Spring Data repository scanning in 1 ms. Found 0 Redis repository interfaces.
2026-06-09T00:51:07.684+05:30  INFO 66555 --- [           main] c.ecommerce.cart.CartApplicationTests    : Started CartApplicationTests in 0.106 seconds (process running for 1.704)
]]></system-out>
  </testcase>
</testsuite>