<?xml version="1.0" encoding="UTF-8"?>
<testsuite xmlns:xsi="http://www.w3.org/2001/XMLSchema-instance" xsi:noNamespaceSchemaLocation="https://maven.apache.org/surefire/maven-surefire-plugin/xsd/surefire-test-report-3.0.xsd" version="3.0" name="com.ecommerce.cart.controller.CartControllerTest" time="1.403" tests="7" errors="0" skipped="0" failures="0">
  <properties>
[...]
</properties>
  <testcase name="testViewCartInventoryServiceUnavailable" classname="com.ecommerce.cart.controller.CartControllerTest" time="0.067">
    <system-out><![CDATA[00:51:06.217 [main] INFO org.springframework.test.context.support.AnnotationConfigContextLoaderUtils -- Could not detect default configuration classes for test class [com.ecommerce.cart.controller.CartControllerTest]: CartControllerTest does not declare any static, non-private, non-final, nested classes annotated with @Configuration.
00:51:06.258 [main] INFO org.springframework.boot.test.context.SpringBootTestContextBootstrapper -- Found @SpringBootConfiguration com.ecommerce.cart.CartApplication for test class com.ecommerce.cart.controller.CartControllerTest
  .   ____          _            __ _ _
 /\\ / ___'_ __ _ _(_)_ __  __ _ \ \ \ \
( ( )\___ | '_ | '_| | '_ \/ _` | \ \ \ \
 \\/  ___)| |_)| | | | | || (_| |  ) ) ) )
  '  |____| .__|_| |_|_| |_\__, | / / / /
 =========|_|==============|___/=/_/_/_/

 :: Spring Boot ::                (v3.3.0)

2026-06-09T00:51:06.371+05:30  INFO 66555 --- [           main] c.e.cart.controller.CartControllerTest   : Starting CartControllerTest using Java 25.0.2 with PID 66555 (started by yashonidhithakur in /Users/yashonidhithakur/Documents/spe_project/microservices-ecommerce-platform/cart_service)
2026-06-09T00:51:06.372+05:30  INFO 66555 --- [           main] c.e.cart.controller.CartControllerTest   : No active profile set, falling back to 1 default profile: "default"
2026-06-09T00:51:06.568+05:30  INFO 66555 --- [           main] .s.d.r.c.RepositoryConfigurationDelegate : Multiple Spring Data modules found, entering strict repository configuration mode
2026-06-09T00:51:06.568+05:30  INFO 66555 --- [           main] .s.d.r.c.RepositoryConfigurationDelegate : Bootstrapping Spring Data Redis repositories in DEFAULT mode.
2026-06-09T00:51:06.578+05:30  INFO 66555 --- [           main] .s.d.r.c.RepositoryConfigurationDelegate : Finished Spring Data repository scanning in 4 ms. Found 0 Redis repository interfaces.
2026-06-09T00:51:07.450+05:30  INFO 66555 --- [           main] o.s.b.t.m.w.SpringBootMockServletContext : Initializing Spring TestDispatcherServlet ''
2026-06-09T00:51:07.450+05:30  INFO 66555 --- [           main] o.s.t.web.servlet.TestDispatcherServlet  : Initializing Servlet ''
2026-06-09T00:51:07.451+05:30  INFO 66555 --- [           main] o.s.t.web.servlet.TestDispatcherServlet  : Completed initialization in 1 ms
2026-06-09T00:51:07.459+05:30  INFO 66555 --- [           main] c.e.cart.controller.CartControllerTest   : Started CartControllerTest in 1.157 seconds (process running for 1.479)
]]></system-out>
    <system-err><![CDATA[WARNING: A Java agent has been loaded dynamically (/Users/yashonidhithakur/.m2/repository/net/bytebuddy/byte-buddy-agent/1.14.16/byte-buddy-agent-1.14.16.jar)
WARNING: If a serviceability tool is in use, please run with -XX:+EnableDynamicAgentLoading to hide this warning
WARNING: If a serviceability tool is not in use, please run with -Djdk.instrument.traceUsage for more information
WARNING: Dynamic loading of agents will be disallowed by default in a future release
]]></system-err>
  </testcase>
  <testcase name="testAddItemMissingHeader" classname="com.ecommerce.cart.controller.CartControllerTest" time="0.018"/>
  <testcase name="testViewCartSuccess" classname="com.ecommerce.cart.controller.CartControllerTest" time="0.008"/>
  <testcase name="testAddItemSuccess" classname="com.ecommerce.cart.controller.CartControllerTest" time="0.004"/>
  <testcase name="testHealth" classname="com.ecommerce.cart.controller.CartControllerTest" time="0.002"/>
  <testcase name="testRemoveItemSuccess" classname="com.ecommerce.cart.controller.CartControllerTest" time="0.003"/>
  <testcase name="testClearCartSuccess" classname="com.ecommerce.cart.controller.CartControllerTest" time="0.002"/>
</testsuite>